Equate elements:  no current cell.
Equate elements:  no current cell.
Equate elements:  no current cell.
Equate elements:  no current cell.
Equate elements:  no current cell.
Equate elements:  no current cell.
Flattening unmatched subcell sky130_fd_pr__nfet_01v8_CDW43Z in circuit tia_core.spice (1)(1 instance)
Flattening unmatched subcell tia_cur_mirror in circuit tia_core.spice (1)(1 instance)
Flattening unmatched subcell sky130_fd_pr__nfet_01v8_F8VELN in circuit tia_core.spice (1)(1 instance)
Flattening unmatched subcell sky130_fd_pr__nfet_01v8_854667 in circuit tia_core.spice (1)(1 instance)
Flattening unmatched subcell tia_one_tia in circuit tia_core.spice (1)(2 instances)
Flattening unmatched subcell tia_cur_mirror in circuit tia_core.spice (1)(2 instances)
Flattening unmatched subcell sky130_fd_pr__nfet_01v8_F8VELN in circuit tia_core.spice (1)(2 instances)
Flattening unmatched subcell sky130_fd_pr__nfet_01v8_854667 in circuit tia_core.spice (1)(2 instances)
Flattening unmatched subcell rf_transistors in circuit tia_core.spice (1)(2 instances)
Flattening unmatched subcell sky130_fd_pr__nfet_01v8_lvt_ZRA4RB in circuit tia_core.spice (1)(4 instances)
Flattening unmatched subcell sky130_fd_pr__pfet_01v8_NZHYX4 in circuit tia_core.spice (1)(4 instances)
Flattening unmatched subcell sky130_fd_pr__cap_mim_m3_2_ZWVPUJ in circuit tia_core.spice (1)(2 instances)
Flattening unmatched subcell dis_tran in circuit tia_core.spice (1)(2 instances)
Flattening unmatched subcell sky130_fd_pr__nfet_01v8_RRWALQ in circuit tia_core.spice (1)(2 instances)
Flattening unmatched subcell fb_transistor in circuit tia_core.spice (1)(2 instances)
Flattening unmatched subcell sky130_fd_pr__pfet_01v8_GYVK57 in circuit tia_core.spice (1)(2 instances)
Flattening unmatched subcell sky130_fd_pr__nfet_01v8_lvt_62U3RB in circuit tia_core.spice (1)(2 instances)
Flattening unmatched subcell sky130_fd_pr__pfet_01v8_GCYTE7 in circuit tia_core.spice (1)(1 instance)
Flattening unmatched subcell sky130_fd_pr__cap_mim_m3_1_J5CT7Z in circuit tia_core.spice (1)(2 instances)
Flattening unmatched subcell sky130_fd_pr__cap_var_lvt_MZUN4J in circuit tia_core.spice (1)(1 instance)
Flattening unmatched subcell sky130_fd_pr__cap_mim_m3_2_LJ5JLG#0 in circuit tia_core.spice (1)(2 instances)
Flattening unmatched subcell sky130_fd_pr__nfet_01v8_SC2JGL in circuit tia_core.spice (1)(1 instance)

Class ../../xschem/tia_rgc_core.spice (0):  Merged 6 parallel devices.
Class tia_core.spice (1):  Merged 648 parallel devices.
Subcircuit summary:
Circuit 1: ../../xschem/tia_rgc_core.spice |Circuit 2: tia_core.spice                  
-------------------------------------------|-------------------------------------------
sky130_fd_pr__nfet_01v8 (260->10)          |sky130_fd_pr__nfet_01v8 (260->10)          
sky130_fd_pr__nfet_01v8_lvt (260->4)       |sky130_fd_pr__nfet_01v8_lvt (260->4)       
sky130_fd_pr__pfet_01v8 (141->5)           |sky130_fd_pr__pfet_01v8 (141->5)           
sky130_fd_pr__cap_mim_m3_2 (4->3)          |sky130_fd_pr__cap_mim_m3_2 (4->3)          
sky130_fd_pr__cap_mim_m3_1 (2->1)          |sky130_fd_pr__cap_mim_m3_1 (2->1)          
sky130_fd_pr__cap_var_lvt (5->1)           |sky130_fd_pr__cap_var_lvt (5->1)           
Number of devices: 24                      |Number of devices: 24                      
Number of nets: 16                         |Number of nets: 16                         
---------------------------------------------------------------------------------------
Resolving automorphisms by property value.
Resolving automorphisms by pin name.
Netlists match uniquely.
Circuits match correctly.
There were property errors.
sky130_fd_pr__cap_var_lvt:C10 vs. sky130_fd_pr__cap_var_lvt_MZUN4J_0/sky130_fd_pr__cap_var_lvt:0:
Property VM in circuit1 has no matching property in circuit2
sky130_fd_pr__cap_mim_m3_2:C1 vs. tia_one_tia_1//sky130_fd_pr__cap_mim_m3_2_ZWVPUJ_0/sky130_fd_pr__cap_mim_m3_2:0:
Property VM in circuit1 has no matching property in circuit2
sky130_fd_pr__cap_mim_m3_2:C2 vs. tia_one_tia_0//sky130_fd_pr__cap_mim_m3_2_ZWVPUJ_0/sky130_fd_pr__cap_mim_m3_2:0:
Property VM in circuit1 has no matching property in circuit2
sky130_fd_pr__cap_mim_m3_2:C20 vs. sky130_fd_pr__cap_mim_m3_2_LJ5JLG#0:sky130_fd_pr__cap_mim_m3_2_LJ5JLG_0/sky130_fd_pr__cap_mim_m3_2:0:
Property VM in circuit1 has no matching property in circuit2
Cells have no pins;  pin matching not needed.
Device classes ../../xschem/tia_rgc_core.spice and tia_core.spice are equivalent.
Circuits match uniquely.
Property errors were found.
The following cells had property errors:
 ../../xschem/tia_rgc_core.spice
