Equate elements:  no current cell.
Equate elements:  no current cell.
Equate elements:  no current cell.
Equate elements:  no current cell.
Equate elements:  no current cell.
Equate elements:  no current cell.
Flattening unmatched subcell currm_n in circuit fb_dark_current.spice (1)(40 instances)
Flattening unmatched subcell sky130_fd_pr__nfet_01v8_PJG2KG in circuit fb_dark_current.spice (1)(40 instances)
Flattening unmatched subcell sky130_fd_pr__nfet_01v8_82JNGJ in circuit fb_dark_current.spice (1)(40 instances)
Flattening unmatched subcell currm_p in circuit fb_dark_current.spice (1)(22 instances)
Flattening unmatched subcell sky130_fd_pr__pfet_01v8_lvt_4LMUGG in circuit fb_dark_current.spice (1)(22 instances)
Flattening unmatched subcell sky130_fd_pr__pfet_01v8_lvt_LKHJAY in circuit fb_dark_current.spice (1)(22 instances)
Flattening unmatched subcell currm_ps in circuit fb_dark_current.spice (1)(12 instances)
Flattening unmatched subcell sky130_fd_pr__pfet_01v8_PD4XN5 in circuit fb_dark_current.spice (1)(12 instances)
Flattening unmatched subcell sky130_fd_pr__pfet_01v8_U4PWGH in circuit fb_dark_current.spice (1)(12 instances)
Flattening unmatched subcell sky130_fd_pr__nfet_01v8_6H2JYD in circuit fb_dark_current.spice (1)(1 instance)
Flattening unmatched subcell sky130_fd_pr__res_xhigh_po_0p69_PAXYNN in circuit fb_dark_current.spice (1)(1 instance)
Flattening unmatched subcell sky130_fd_pr__cap_mim_m3_2_N3PKNJ in circuit fb_dark_current.spice (1)(2 instances)
Flattening unmatched subcell sky130_fd_pr__nfet_01v8_9A2JGL in circuit fb_dark_current.spice (1)(1 instance)
Flattening unmatched subcell sky130_fd_pr__pfet_01v8_VCBWSW in circuit fb_dark_current.spice (1)(1 instance)
Flattening unmatched subcell sky130_fd_pr__cap_mim_m3_2_MJMGTW in circuit fb_dark_current.spice (1)(1 instance)
Flattening unmatched subcell sky130_fd_pr__cap_mim_m3_2_D7CHNQ in circuit fb_dark_current.spice (1)(1 instance)
Flattening unmatched subcell sky130_fd_pr__nfet_01v8_E6B2KN in circuit fb_dark_current.spice (1)(2 instances)
Flattening unmatched subcell sky130_fd_pr__pfet_01v8_UAQRRG in circuit fb_dark_current.spice (1)(1 instance)
Flattening unmatched subcell sky130_fd_pr__nfet_01v8_lvt_LH2JGW in circuit fb_dark_current.spice (1)(1 instance)
Flattening unmatched subcell sky130_fd_pr__cap_mim_m3_2_LJ5JLG in circuit fb_dark_current.spice (1)(1 instance)

Class ../../xschem/feedback_sukwani.spice (0):  Merged 1 parallel devices.
Class fb_dark_current.spice (1):  Merged 532 parallel devices.
Subcircuit summary:
Circuit 1: ../../xschem/feedback_sukwani.s |Circuit 2: fb_dark_current.spice           
-------------------------------------------|-------------------------------------------
sky130_fd_pr__nfet_01v8 (215->24)          |sky130_fd_pr__nfet_01v8 (215->24)          
sky130_fd_pr__pfet_01v8 (141->10)          |sky130_fd_pr__pfet_01v8 (141->10)          
sky130_fd_pr__cap_mim_m3_2 (5->4)          |sky130_fd_pr__cap_mim_m3_2 (5->4)          
sky130_fd_pr__nfet_01v8_lvt (2->1)         |sky130_fd_pr__nfet_01v8_lvt (2->1)         
sky130_fd_pr__pfet_01v8_lvt (220->12)      |sky130_fd_pr__pfet_01v8_lvt (220->12)      
sky130_fd_pr__res_xhigh_po_0p69 (1)        |sky130_fd_pr__res_xhigh_po_0p69 (1)        
Number of devices: 52                      |Number of devices: 52                      
Number of nets: 37                         |Number of nets: 37                         
---------------------------------------------------------------------------------------
Circuits match uniquely.
Property errors were found.
Netlists match uniquely.
There were property errors.
sky130_fd_pr__cap_mim_m3_2:C3 vs. sky130_fd_pr__cap_mim_m3_2_N3PKNJ_0/sky130_fd_pr__cap_mim_m3_2:0:
Property VM in circuit1 has no matching property in circuit2
sky130_fd_pr__cap_mim_m3_2:C20 vs. sky130_fd_pr__cap_mim_m3_2_MJMGTW_0/sky130_fd_pr__cap_mim_m3_2:0:
Property VM in circuit1 has no matching property in circuit2
sky130_fd_pr__cap_mim_m3_2:C4 vs. sky130_fd_pr__cap_mim_m3_2_D7CHNQ_0/sky130_fd_pr__cap_mim_m3_2:0:
Property VM in circuit1 has no matching property in circuit2
sky130_fd_pr__cap_mim_m3_2:C2 vs. sky130_fd_pr__cap_mim_m3_2_LJ5JLG_2/sky130_fd_pr__cap_mim_m3_2:0:
Property VM in circuit1 has no matching property in circuit2
Cells have no pins;  pin matching not needed.
Device classes ../../xschem/feedback_sukwani.spice and fb_dark_current.spice are equivalent.
Circuits match uniquely.
Property errors were found.
The following cells had property errors:
 ../../xschem/feedback_sukwani.spice
