Equate elements:  no current cell.
Flattening unmatched subcell bias_curm_p in circuit curr_mirror_distribution.spice (1)(9 instances)
Flattening unmatched subcell sky130_fd_pr__pfet_01v8_U4PLGH in circuit curr_mirror_distribution.spice (1)(9 instances)
Flattening unmatched subcell sky130_fd_pr__pfet_01v8_PDCJZ5 in circuit curr_mirror_distribution.spice (1)(9 instances)

Class curr_mirror_distribution.spice (1):  Merged 162 parallel devices.
Subcircuit summary:
Circuit 1: ../../xschem/bias/current_mirro |Circuit 2: curr_mirror_distribution.spice  
-------------------------------------------|-------------------------------------------
sky130_fd_pr__pfet_01v8 (180->18)          |sky130_fd_pr__pfet_01v8 (180->18)          
Number of devices: 18                      |Number of devices: 18                      
Number of nets: 19                         |Number of nets: 19                         
---------------------------------------------------------------------------------------
Resolving automorphisms by property value.
Resolving automorphisms by pin name.
Netlists match with 4 symmetries.
Circuits match correctly.
There were property errors.
sky130_fd_pr__pfet_01v8:M2 vs. bias_curm_p_0//sky130_fd_pr__pfet_01v8_U4PLGH_0/sky130_fd_pr__pfet_01v8:0:
 W circuit1: 8   circuit2: 32   (delta=120%, cutoff=7%)
 L circuit1: 0.2   circuit2: 0.15   (delta=28.6%, cutoff=1%)
sky130_fd_pr__pfet_01v8:M4 vs. bias_curm_p_6//sky130_fd_pr__pfet_01v8_U4PLGH_0/sky130_fd_pr__pfet_01v8:0:
 W circuit1: 8   circuit2: 32   (delta=120%, cutoff=7%)
 L circuit1: 0.2   circuit2: 0.15   (delta=28.6%, cutoff=1%)
sky130_fd_pr__pfet_01v8:M6 vs. bias_curm_p_7//sky130_fd_pr__pfet_01v8_U4PLGH_0/sky130_fd_pr__pfet_01v8:0:
 W circuit1: 8   circuit2: 32   (delta=120%, cutoff=7%)
 L circuit1: 0.2   circuit2: 0.15   (delta=28.6%, cutoff=1%)
sky130_fd_pr__pfet_01v8:M8 vs. bias_curm_p_8//sky130_fd_pr__pfet_01v8_U4PLGH_0/sky130_fd_pr__pfet_01v8:0:
 W circuit1: 8   circuit2: 32   (delta=120%, cutoff=7%)
 L circuit1: 0.2   circuit2: 0.15   (delta=28.6%, cutoff=1%)
sky130_fd_pr__pfet_01v8:M10 vs. bias_curm_p_1//sky130_fd_pr__pfet_01v8_U4PLGH_0/sky130_fd_pr__pfet_01v8:0:
 W circuit1: 8   circuit2: 32   (delta=120%, cutoff=7%)
 L circuit1: 0.2   circuit2: 0.15   (delta=28.6%, cutoff=1%)
sky130_fd_pr__pfet_01v8:M12 vs. bias_curm_p_2//sky130_fd_pr__pfet_01v8_U4PLGH_0/sky130_fd_pr__pfet_01v8:0:
 W circuit1: 8   circuit2: 32   (delta=120%, cutoff=7%)
 L circuit1: 0.2   circuit2: 0.15   (delta=28.6%, cutoff=1%)
sky130_fd_pr__pfet_01v8:M14 vs. bias_curm_p_3//sky130_fd_pr__pfet_01v8_U4PLGH_0/sky130_fd_pr__pfet_01v8:0:
 W circuit1: 8   circuit2: 32   (delta=120%, cutoff=7%)
 L circuit1: 0.2   circuit2: 0.15   (delta=28.6%, cutoff=1%)
sky130_fd_pr__pfet_01v8:M16 vs. bias_curm_p_4//sky130_fd_pr__pfet_01v8_U4PLGH_0/sky130_fd_pr__pfet_01v8:0:
 W circuit1: 8   circuit2: 32   (delta=120%, cutoff=7%)
 L circuit1: 0.2   circuit2: 0.15   (delta=28.6%, cutoff=1%)
sky130_fd_pr__pfet_01v8:M18 vs. bias_curm_p_5//sky130_fd_pr__pfet_01v8_U4PLGH_0/sky130_fd_pr__pfet_01v8:0:
 W circuit1: 8   circuit2: 32   (delta=120%, cutoff=7%)
 L circuit1: 0.2   circuit2: 0.15   (delta=28.6%, cutoff=1%)
sky130_fd_pr__pfet_01v8:M3 vs. bias_curm_p_6//sky130_fd_pr__pfet_01v8_PDCJZ5_0/sky130_fd_pr__pfet_01v8:0:
 W circuit1: 32   circuit2: 8   (delta=120%, cutoff=7%)
 L circuit1: 1   circuit2: 0.5   (delta=66.7%, cutoff=1%)
sky130_fd_pr__pfet_01v8:M5 vs. bias_curm_p_7//sky130_fd_pr__pfet_01v8_PDCJZ5_0/sky130_fd_pr__pfet_01v8:0:
 W circuit1: 32   circuit2: 8   (delta=120%, cutoff=7%)
 L circuit1: 1   circuit2: 0.5   (delta=66.7%, cutoff=1%)
sky130_fd_pr__pfet_01v8:M7 vs. bias_curm_p_8//sky130_fd_pr__pfet_01v8_PDCJZ5_0/sky130_fd_pr__pfet_01v8:0:
 W circuit1: 32   circuit2: 8   (delta=120%, cutoff=7%)
 L circuit1: 1   circuit2: 0.5   (delta=66.7%, cutoff=1%)
sky130_fd_pr__pfet_01v8:M9 vs. bias_curm_p_1//sky130_fd_pr__pfet_01v8_PDCJZ5_0/sky130_fd_pr__pfet_01v8:0:
 W circuit1: 32   circuit2: 8   (delta=120%, cutoff=7%)
 L circuit1: 1   circuit2: 0.5   (delta=66.7%, cutoff=1%)
sky130_fd_pr__pfet_01v8:M11 vs. bias_curm_p_2//sky130_fd_pr__pfet_01v8_PDCJZ5_0/sky130_fd_pr__pfet_01v8:0:
 W circuit1: 32   circuit2: 8   (delta=120%, cutoff=7%)
 L circuit1: 1   circuit2: 0.5   (delta=66.7%, cutoff=1%)
sky130_fd_pr__pfet_01v8:M13 vs. bias_curm_p_3//sky130_fd_pr__pfet_01v8_PDCJZ5_0/sky130_fd_pr__pfet_01v8:0:
 W circuit1: 32   circuit2: 8   (delta=120%, cutoff=7%)
 L circuit1: 1   circuit2: 0.5   (delta=66.7%, cutoff=1%)
sky130_fd_pr__pfet_01v8:M15 vs. bias_curm_p_4//sky130_fd_pr__pfet_01v8_PDCJZ5_0/sky130_fd_pr__pfet_01v8:0:
 W circuit1: 32   circuit2: 8   (delta=120%, cutoff=7%)
 L circuit1: 1   circuit2: 0.5   (delta=66.7%, cutoff=1%)
sky130_fd_pr__pfet_01v8:M17 vs. bias_curm_p_5//sky130_fd_pr__pfet_01v8_PDCJZ5_0/sky130_fd_pr__pfet_01v8:0:
 W circuit1: 32   circuit2: 8   (delta=120%, cutoff=7%)
 L circuit1: 1   circuit2: 0.5   (delta=66.7%, cutoff=1%)
sky130_fd_pr__pfet_01v8:M1 vs. bias_curm_p_0//sky130_fd_pr__pfet_01v8_PDCJZ5_0/sky130_fd_pr__pfet_01v8:0:
 W circuit1: 32   circuit2: 8   (delta=120%, cutoff=7%)
 L circuit1: 1   circuit2: 0.5   (delta=66.7%, cutoff=1%)
Cells have no pins;  pin matching not needed.
Device classes ../../xschem/bias/current_mirrorx8.spice and curr_mirror_distribution.spice are equivalent.
Circuits match uniquely.
Property errors were found.
The following cells had property errors:
 ../../xschem/bias/current_mirrorx8.spice
