Equate elements:  no current cell.
Equate elements:  no current cell.
Equate elements:  no current cell.
Flattening unmatched subcell bias_curm_p in circuit curr_mirror_channel.spice (1)(18 instances)
Flattening unmatched subcell sky130_fd_pr__pfet_01v8_U4PLGH in circuit curr_mirror_channel.spice (1)(18 instances)
Flattening unmatched subcell sky130_fd_pr__pfet_01v8_PDCJZ5 in circuit curr_mirror_channel.spice (1)(18 instances)
Flattening unmatched subcell bias_curm_n in circuit curr_mirror_channel.spice (1)(4 instances)
Flattening unmatched subcell sky130_fd_pr__nfet_01v8_6YE2KS in circuit curr_mirror_channel.spice (1)(4 instances)
Flattening unmatched subcell sky130_fd_pr__nfet_01v8_QQ8PGA in circuit curr_mirror_channel.spice (1)(4 instances)
Flattening unmatched subcell eight-mirrors-p in circuit curr_mirror_channel.spice (1)(7 instances)
Flattening unmatched subcell bias_curm_p in circuit curr_mirror_channel.spice (1)(56 instances)
Flattening unmatched subcell sky130_fd_pr__pfet_01v8_U4PLGH in circuit curr_mirror_channel.spice (1)(56 instances)
Flattening unmatched subcell sky130_fd_pr__pfet_01v8_PDCJZ5 in circuit curr_mirror_channel.spice (1)(56 instances)
Flattening unmatched subcell sky130_fd_pr__cap_mim_m3_2_26U9NK in circuit curr_mirror_channel.spice (1)(2 instances)
Flattening unmatched subcell sky130_fd_pr__cap_mim_m3_2_LJ5JLG in circuit curr_mirror_channel.spice (1)(1 instance)

Class curr_mirror_channel.spice (1):  Merged 1528 parallel devices.
Subcircuit summary:
Circuit 1: ../../xschem/current_mirror_cha |Circuit 2: curr_mirror_channel.spice       
-------------------------------------------|-------------------------------------------
sky130_fd_pr__nfet_01v8 (80->6)            |sky130_fd_pr__nfet_01v8 (80->6)            
sky130_fd_pr__pfet_01v8 (1480->26)         |sky130_fd_pr__pfet_01v8 (1480->26)         
sky130_fd_pr__cap_mim_m3_2 (3)             |sky130_fd_pr__cap_mim_m3_2 (3)             
Number of devices: 35                      |Number of devices: 35                      
Number of nets: 32                         |Number of nets: 32                         
---------------------------------------------------------------------------------------
Resolving automorphisms by property value.
Resolving automorphisms by pin name.
Netlists match uniquely.
Circuits match correctly.
There were property errors.
sky130_fd_pr__cap_mim_m3_2:C4 vs. sky130_fd_pr__cap_mim_m3_2_26U9NK_0/sky130_fd_pr__cap_mim_m3_2:0:
Property VM in circuit1 has no matching property in circuit2
sky130_fd_pr__cap_mim_m3_2:C1 vs. sky130_fd_pr__cap_mim_m3_2_26U9NK_1/sky130_fd_pr__cap_mim_m3_2:0:
Property VM in circuit1 has no matching property in circuit2
sky130_fd_pr__cap_mim_m3_2:C2 vs. sky130_fd_pr__cap_mim_m3_2_LJ5JLG_1/sky130_fd_pr__cap_mim_m3_2:0:
Property VM in circuit1 has no matching property in circuit2
Cells have no pins;  pin matching not needed.
Device classes ../../xschem/current_mirror_channel.spice and curr_mirror_channel.spice are equivalent.
Circuits match uniquely.
Property errors were found.
The following cells had property errors:
 ../../xschem/current_mirror_channel.spice
