Equate elements:  no current cell.
Equate elements:  no current cell.
Equate elements:  no current cell.
Equate elements:  no current cell.
Equate elements:  no current cell.
Equate elements:  no current cell.

Class ../../xschem/outdriver/outdriver.spice (0):  Merged 10 parallel devices.
Class outd_flat.spice (1):  Merged 6000 parallel devices.
Subcircuit summary:
Circuit 1: ../../xschem/outdriver/outdrive |Circuit 2: outd_flat.spice                 
-------------------------------------------|-------------------------------------------
sky130_fd_pr__nfet_01v8_lvt (924->6)       |sky130_fd_pr__nfet_01v8_lvt (924->6)       
sky130_fd_pr__nfet_01v8 (4998->8)          |sky130_fd_pr__nfet_01v8 (4998->8)          
sky130_fd_pr__res_high_po_5p73 (80->4)     |sky130_fd_pr__res_high_po_5p73 (80->4)     
sky130_fd_pr__res_high_po_2p85 (8->2)      |sky130_fd_pr__res_high_po_2p85 (8->2)      
sky130_fd_pr__cap_mim_m3_2 (11->2)         |sky130_fd_pr__cap_mim_m3_2 (11->2)         
sky130_fd_pr__cap_mim_m3_1 (2->1)          |sky130_fd_pr__cap_mim_m3_1 (2->1)          
Number of devices: 23                      |Number of devices: 23                      
Number of nets: 18                         |Number of nets: 18                         
---------------------------------------------------------------------------------------
Circuits match uniquely.
Netlists match uniquely.
Cells have no pins;  pin matching not needed.
Device classes ../../xschem/outdriver/outdriver.spice and outd_flat.spice are equivalent.
Circuits match uniquely.
